2020-01-10 15:47:29.491  INFO 55088 --- [restartedMain] com.mail.EmailSendingApplication         : Starting EmailSendingApplication on INPNRDT0277 with PID 55088 (D:\Microservices\Demo1\EmailSending\target\classes started by 1029490 in D:\Microservices\Demo1\EmailSending)
2020-01-10 15:47:29.507  INFO 55088 --- [restartedMain] com.mail.EmailSendingApplication         : No active profile set, falling back to default profiles: default
2020-01-10 15:47:29.540  INFO 55088 --- [restartedMain] o.s.b.devtools.restart.ChangeableUrls    : The Class-Path manifest attribute in C:\Users\1029490.QUEST-GLOBAL\.m2\repository\org\glassfish\jaxb\jaxb-runtime\2.3.2\jaxb-runtime-2.3.2.jar referenced one or more files that do not exist: file:/C:/Users/1029490.QUEST-GLOBAL/.m2/repository/org/glassfish/jaxb/jaxb-runtime/2.3.2/jakarta.xml.bind-api-2.3.2.jar,file:/C:/Users/1029490.QUEST-GLOBAL/.m2/repository/org/glassfish/jaxb/jaxb-runtime/2.3.2/txw2-2.3.2.jar,file:/C:/Users/1029490.QUEST-GLOBAL/.m2/repository/org/glassfish/jaxb/jaxb-runtime/2.3.2/istack-commons-runtime-3.0.8.jar,file:/C:/Users/1029490.QUEST-GLOBAL/.m2/repository/org/glassfish/jaxb/jaxb-runtime/2.3.2/stax-ex-1.8.1.jar,file:/C:/Users/1029490.QUEST-GLOBAL/.m2/repository/org/glassfish/jaxb/jaxb-runtime/2.3.2/FastInfoset-1.2.16.jar,file:/C:/Users/1029490.QUEST-GLOBAL/.m2/repository/org/glassfish/jaxb/jaxb-runtime/2.3.2/jakarta.activation-api-1.2.1.jar
2020-01-10 15:47:29.541  INFO 55088 --- [restartedMain] .e.DevToolsPropertyDefaultsPostProcessor : Devtools property defaults active! Set 'spring.devtools.add-properties' to 'false' to disable
2020-01-10 15:47:29.541  INFO 55088 --- [restartedMain] .e.DevToolsPropertyDefaultsPostProcessor : For additional web related logging consider setting the 'logging.level.web' property to 'DEBUG'
2020-01-10 15:47:30.089  INFO 55088 --- [restartedMain] .s.d.r.c.RepositoryConfigurationDelegate : Multiple Spring Data modules found, entering strict repository configuration mode!
2020-01-10 15:47:30.089  INFO 55088 --- [restartedMain] .s.d.r.c.RepositoryConfigurationDelegate : Bootstrapping Spring Data repositories in DEFAULT mode.
2020-01-10 15:47:30.101  INFO 55088 --- [restartedMain] .s.d.r.c.RepositoryConfigurationDelegate : Finished Spring Data repository scanning in 8ms. Found 0 repository interfaces.
2020-01-10 15:47:30.113  INFO 55088 --- [restartedMain] .s.d.r.c.RepositoryConfigurationDelegate : Multiple Spring Data modules found, entering strict repository configuration mode!
2020-01-10 15:47:30.114  INFO 55088 --- [restartedMain] .s.d.r.c.RepositoryConfigurationDelegate : Bootstrapping Spring Data repositories in DEFAULT mode.
2020-01-10 15:47:30.121  INFO 55088 --- [restartedMain] .s.d.r.c.RepositoryConfigurationDelegate : Finished Spring Data repository scanning in 1ms. Found 0 repository interfaces.
2020-01-10 15:47:30.322  INFO 55088 --- [restartedMain] trationDelegate$BeanPostProcessorChecker : Bean 'org.springframework.ws.config.annotation.DelegatingWsConfiguration' of type [org.springframework.ws.config.annotation.DelegatingWsConfiguration$$EnhancerBySpringCGLIB$$98d90131] is not eligible for getting processed by all BeanPostProcessors (for example: not eligible for auto-proxying)
2020-01-10 15:47:30.354  INFO 55088 --- [restartedMain] .w.s.a.s.AnnotationActionEndpointMapping : Supporting [WS-Addressing August 2004, WS-Addressing 1.0]
2020-01-10 15:47:30.363  INFO 55088 --- [restartedMain] trationDelegate$BeanPostProcessorChecker : Bean 'org.springframework.transaction.annotation.ProxyTransactionManagementConfiguration' of type [org.springframework.transaction.annotation.ProxyTransactionManagementConfiguration] is not eligible for getting processed by all BeanPostProcessors (for example: not eligible for auto-proxying)
2020-01-10 15:47:30.743  INFO 55088 --- [restartedMain] o.s.b.w.embedded.tomcat.TomcatWebServer  : Tomcat initialized with port(s): 9090 (http)
2020-01-10 15:47:30.748  INFO 55088 --- [restartedMain] o.apache.catalina.core.StandardService   : Starting service [Tomcat]
2020-01-10 15:47:30.749  INFO 55088 --- [restartedMain] org.apache.catalina.core.StandardEngine  : Starting Servlet engine: [Apache Tomcat/9.0.27]
2020-01-10 15:47:30.863  INFO 55088 --- [restartedMain] o.a.c.c.C.[Tomcat].[localhost].[/]       : Initializing Spring embedded WebApplicationContext
2020-01-10 15:47:30.863  INFO 55088 --- [restartedMain] o.s.web.context.ContextLoader            : Root WebApplicationContext: initialization completed in 1322 ms
2020-01-10 15:47:30.988  INFO 55088 --- [restartedMain] o.hibernate.jpa.internal.util.LogHelper  : HHH000204: Processing PersistenceUnitInfo [name: default]
2020-01-10 15:47:31.029  INFO 55088 --- [restartedMain] org.hibernate.Version                    : HHH000412: Hibernate Core {5.4.8.Final}
2020-01-10 15:47:31.160  INFO 55088 --- [restartedMain] o.hibernate.annotations.common.Version   : HCANN000001: Hibernate Commons Annotations {5.1.0.Final}
2020-01-10 15:47:31.174 DEBUG 55088 --- [restartedMain] org.hibernate.type.BasicTypeRegistry     : Adding type registration boolean -> org.hibernate.type.BooleanType@74df809d
2020-01-10 15:47:31.175 DEBUG 55088 --- [restartedMain] org.hibernate.type.BasicTypeRegistry     : Adding type registration boolean -> org.hibernate.type.BooleanType@74df809d
2020-01-10 15:47:31.175 DEBUG 55088 --- [restartedMain] org.hibernate.type.BasicTypeRegistry     : Adding type registration java.lang.Boolean -> org.hibernate.type.BooleanType@74df809d
2020-01-10 15:47:31.175 DEBUG 55088 --- [restartedMain] org.hibernate.type.BasicTypeRegistry     : Adding type registration numeric_boolean -> org.hibernate.type.NumericBooleanType@21dba111
2020-01-10 15:47:31.175 DEBUG 55088 --- [restartedMain] org.hibernate.type.BasicTypeRegistry     : Adding type registration true_false -> org.hibernate.type.TrueFalseType@5a26fa9d
2020-01-10 15:47:31.176 DEBUG 55088 --- [restartedMain] org.hibernate.type.BasicTypeRegistry     : Adding type registration yes_no -> org.hibernate.type.YesNoType@7e312abc
2020-01-10 15:47:31.176 DEBUG 55088 --- [restartedMain] org.hibernate.type.BasicTypeRegistry     : Adding type registration byte -> org.hibernate.type.ByteType@10d09f19
2020-01-10 15:47:31.176 DEBUG 55088 --- [restartedMain] org.hibernate.type.BasicTypeRegistry     : Adding type registration byte -> org.hibernate.type.ByteType@10d09f19
2020-01-10 15:47:31.177 DEBUG 55088 --- [restartedMain] org.hibernate.type.BasicTypeRegistry     : Adding type registration java.lang.Byte -> org.hibernate.type.ByteType@10d09f19
2020-01-10 15:47:31.177 DEBUG 55088 --- [restartedMain] org.hibernate.type.BasicTypeRegistry     : Adding type registration character -> org.hibernate.type.CharacterType@5d10e06e
2020-01-10 15:47:31.177 DEBUG 55088 --- [restartedMain] org.hibernate.type.BasicTypeRegistry     : Adding type registration char -> org.hibernate.type.CharacterType@5d10e06e
2020-01-10 15:47:31.177 DEBUG 55088 --- [restartedMain] org.hibernate.type.BasicTypeRegistry     : Adding type registration java.lang.Character -> org.hibernate.type.CharacterType@5d10e06e
2020-01-10 15:47:31.178 DEBUG 55088 --- [restartedMain] org.hibernate.type.BasicTypeRegistry     : Adding type registration short -> org.hibernate.type.ShortType@6afc812b
2020-01-10 15:47:31.178 DEBUG 55088 --- [restartedMain] org.hibernate.type.BasicTypeRegistry     : Adding type registration short -> org.hibernate.type.ShortType@6afc812b
2020-01-10 15:47:31.178 DEBUG 55088 --- [restartedMain] org.hibernate.type.BasicTypeRegistry     : Adding type registration java.lang.Short -> org.hibernate.type.ShortType@6afc812b
2020-01-10 15:47:31.179 DEBUG 55088 --- [restartedMain] org.hibernate.type.BasicTypeRegistry     : Adding type registration integer -> org.hibernate.type.IntegerType@5f9d41d1
2020-01-10 15:47:31.179 DEBUG 55088 --- [restartedMain] org.hibernate.type.BasicTypeRegistry     : Adding type registration int -> org.hibernate.type.IntegerType@5f9d41d1
2020-01-10 15:47:31.179 DEBUG 55088 --- [restartedMain] org.hibernate.type.BasicTypeRegistry     : Adding type registration java.lang.Integer -> org.hibernate.type.IntegerType@5f9d41d1
2020-01-10 15:47:31.179 DEBUG 55088 --- [restartedMain] org.hibernate.type.BasicTypeRegistry     : Adding type registration long -> org.hibernate.type.LongType@51dc34c8
2020-01-10 15:47:31.179 DEBUG 55088 --- [restartedMain] org.hibernate.type.BasicTypeRegistry     : Adding type registration long -> org.hibernate.type.LongType@51dc34c8
2020-01-10 15:47:31.180 DEBUG 55088 --- [restartedMain] org.hibernate.type.BasicTypeRegistry     : Adding type registration java.lang.Long -> org.hibernate.type.LongType@51dc34c8
2020-01-10 15:47:31.180 DEBUG 55088 --- [restartedMain] org.hibernate.type.BasicTypeRegistry     : Adding type registration float -> org.hibernate.type.FloatType@1feb68a2
2020-01-10 15:47:31.180 DEBUG 55088 --- [restartedMain] org.hibernate.type.BasicTypeRegistry     : Adding type registration float -> org.hibernate.type.FloatType@1feb68a2
2020-01-10 15:47:31.180 DEBUG 55088 --- [restartedMain] org.hibernate.type.BasicTypeRegistry     : Adding type registration java.lang.Float -> org.hibernate.type.FloatType@1feb68a2
2020-01-10 15:47:31.181 DEBUG 55088 --- [restartedMain] org.hibernate.type.BasicTypeRegistry     : Adding type registration double -> org.hibernate.type.DoubleType@70c59bfa
2020-01-10 15:47:31.181 DEBUG 55088 --- [restartedMain] org.hibernate.type.BasicTypeRegistry     : Adding type registration double -> org.hibernate.type.DoubleType@70c59bfa
2020-01-10 15:47:31.181 DEBUG 55088 --- [restartedMain] org.hibernate.type.BasicTypeRegistry     : Adding type registration java.lang.Double -> org.hibernate.type.DoubleType@70c59bfa
2020-01-10 15:47:31.182 DEBUG 55088 --- [restartedMain] org.hibernate.type.BasicTypeRegistry     : Adding type registration big_decimal -> org.hibernate.type.BigDecimalType@7c9d4eef
2020-01-10 15:47:31.182 DEBUG 55088 --- [restartedMain] org.hibernate.type.BasicTypeRegistry     : Adding type registration java.math.BigDecimal -> org.hibernate.type.BigDecimalType@7c9d4eef
2020-01-10 15:47:31.182 DEBUG 55088 --- [restartedMain] org.hibernate.type.BasicTypeRegistry     : Adding type registration big_integer -> org.hibernate.type.BigIntegerType@16bc9515
2020-01-10 15:47:31.182 DEBUG 55088 --- [restartedMain] org.hibernate.type.BasicTypeRegistry     : Adding type registration java.math.BigInteger -> org.hibernate.type.BigIntegerType@16bc9515
2020-01-10 15:47:31.183 DEBUG 55088 --- [restartedMain] org.hibernate.type.BasicTypeRegistry     : Adding type registration string -> org.hibernate.type.StringType@6229ca60
2020-01-10 15:47:31.183 DEBUG 55088 --- [restartedMain] org.hibernate.type.BasicTypeRegistry     : Adding type registration java.lang.String -> org.hibernate.type.StringType@6229ca60
2020-01-10 15:47:31.183 DEBUG 55088 --- [restartedMain] org.hibernate.type.BasicTypeRegistry     : Adding type registration nstring -> org.hibernate.type.StringNVarcharType@391dc39b
2020-01-10 15:47:31.183 DEBUG 55088 --- [restartedMain] org.hibernate.type.BasicTypeRegistry     : Adding type registration ncharacter -> org.hibernate.type.CharacterNCharType@2a01c576
2020-01-10 15:47:31.184 DEBUG 55088 --- [restartedMain] org.hibernate.type.BasicTypeRegistry     : Adding type registration url -> org.hibernate.type.UrlType@5f1dbd1
2020-01-10 15:47:31.184 DEBUG 55088 --- [restartedMain] org.hibernate.type.BasicTypeRegistry     : Adding type registration java.net.URL -> org.hibernate.type.UrlType@5f1dbd1
2020-01-10 15:47:31.185 DEBUG 55088 --- [restartedMain] org.hibernate.type.BasicTypeRegistry     : Adding type registration Duration -> org.hibernate.type.DurationType@72cd25e0
2020-01-10 15:47:31.185 DEBUG 55088 --- [restartedMain] org.hibernate.type.BasicTypeRegistry     : Adding type registration java.time.Duration -> org.hibernate.type.DurationType@72cd25e0
2020-01-10 15:47:31.185 DEBUG 55088 --- [restartedMain] org.hibernate.type.BasicTypeRegistry     : Adding type registration Instant -> org.hibernate.type.InstantType@279e4d95
2020-01-10 15:47:31.185 DEBUG 55088 --- [restartedMain] org.hibernate.type.BasicTypeRegistry     : Adding type registration java.time.Instant -> org.hibernate.type.InstantType@279e4d95
2020-01-10 15:47:31.186 DEBUG 55088 --- [restartedMain] org.hibernate.type.BasicTypeRegistry     : Adding type registration LocalDateTime -> org.hibernate.type.LocalDateTimeType@22e20659
2020-01-10 15:47:31.186 DEBUG 55088 --- [restartedMain] org.hibernate.type.BasicTypeRegistry     : Adding type registration java.time.LocalDateTime -> org.hibernate.type.LocalDateTimeType@22e20659
2020-01-10 15:47:31.187 DEBUG 55088 --- [restartedMain] org.hibernate.type.BasicTypeRegistry     : Adding type registration LocalDate -> org.hibernate.type.LocalDateType@6e60c0ba
2020-01-10 15:47:31.187 DEBUG 55088 --- [restartedMain] org.hibernate.type.BasicTypeRegistry     : Adding type registration java.time.LocalDate -> org.hibernate.type.LocalDateType@6e60c0ba
2020-01-10 15:47:31.187 DEBUG 55088 --- [restartedMain] org.hibernate.type.BasicTypeRegistry     : Adding type registration LocalTime -> org.hibernate.type.LocalTimeType@4bc6d536
2020-01-10 15:47:31.187 DEBUG 55088 --- [restartedMain] org.hibernate.type.BasicTypeRegistry     : Adding type registration java.time.LocalTime -> org.hibernate.type.LocalTimeType@4bc6d536
2020-01-10 15:47:31.188 DEBUG 55088 --- [restartedMain] org.hibernate.type.BasicTypeRegistry     : Adding type registration OffsetDateTime -> org.hibernate.type.OffsetDateTimeType@28b53b78
2020-01-10 15:47:31.188 DEBUG 55088 --- [restartedMain] org.hibernate.type.BasicTypeRegistry     : Adding type registration java.time.OffsetDateTime -> org.hibernate.type.OffsetDateTimeType@28b53b78
2020-01-10 15:47:31.188 DEBUG 55088 --- [restartedMain] org.hibernate.type.BasicTypeRegistry     : Adding type registration OffsetTime -> org.hibernate.type.OffsetTimeType@419f9233
2020-01-10 15:47:31.188 DEBUG 55088 --- [restartedMain] org.hibernate.type.BasicTypeRegistry     : Adding type registration java.time.OffsetTime -> org.hibernate.type.OffsetTimeType@419f9233
2020-01-10 15:47:31.190 DEBUG 55088 --- [restartedMain] org.hibernate.type.BasicTypeRegistry     : Adding type registration ZonedDateTime -> org.hibernate.type.ZonedDateTimeType@5b1f162e
2020-01-10 15:47:31.190 DEBUG 55088 --- [restartedMain] org.hibernate.type.BasicTypeRegistry     : Adding type registration java.time.ZonedDateTime -> org.hibernate.type.ZonedDateTimeType@5b1f162e
2020-01-10 15:47:31.190 DEBUG 55088 --- [restartedMain] org.hibernate.type.BasicTypeRegistry     : Adding type registration date -> org.hibernate.type.DateType@547a4fef
2020-01-10 15:47:31.191 DEBUG 55088 --- [restartedMain] org.hibernate.type.BasicTypeRegistry     : Adding type registration java.sql.Date -> org.hibernate.type.DateType@547a4fef
2020-01-10 15:47:31.191 DEBUG 55088 --- [restartedMain] org.hibernate.type.BasicTypeRegistry     : Adding type registration time -> org.hibernate.type.TimeType@5dc06421
2020-01-10 15:47:31.191 DEBUG 55088 --- [restartedMain] org.hibernate.type.BasicTypeRegistry     : Adding type registration java.sql.Time -> org.hibernate.type.TimeType@5dc06421
2020-01-10 15:47:31.192 DEBUG 55088 --- [restartedMain] org.hibernate.type.BasicTypeRegistry     : Adding type registration timestamp -> org.hibernate.type.TimestampType@3174210b
2020-01-10 15:47:31.192 DEBUG 55088 --- [restartedMain] org.hibernate.type.BasicTypeRegistry     : Adding type registration java.sql.Timestamp -> org.hibernate.type.TimestampType@3174210b
2020-01-10 15:47:31.192 DEBUG 55088 --- [restartedMain] org.hibernate.type.BasicTypeRegistry     : Adding type registration java.util.Date -> org.hibernate.type.TimestampType@3174210b
2020-01-10 15:47:31.193 DEBUG 55088 --- [restartedMain] org.hibernate.type.BasicTypeRegistry     : Adding type registration dbtimestamp -> org.hibernate.type.DbTimestampType@6b8cf1b1
2020-01-10 15:47:31.194 DEBUG 55088 --- [restartedMain] org.hibernate.type.BasicTypeRegistry     : Adding type registration calendar -> org.hibernate.type.CalendarType@568097e9
2020-01-10 15:47:31.194 DEBUG 55088 --- [restartedMain] org.hibernate.type.BasicTypeRegistry     : Adding type registration java.util.Calendar -> org.hibernate.type.CalendarType@568097e9
2020-01-10 15:47:31.194 DEBUG 55088 --- [restartedMain] org.hibernate.type.BasicTypeRegistry     : Adding type registration java.util.GregorianCalendar -> org.hibernate.type.CalendarType@568097e9
2020-01-10 15:47:31.194 DEBUG 55088 --- [restartedMain] org.hibernate.type.BasicTypeRegistry     : Adding type registration calendar_date -> org.hibernate.type.CalendarDateType@17a47d9
2020-01-10 15:47:31.195 DEBUG 55088 --- [restartedMain] org.hibernate.type.BasicTypeRegistry     : Adding type registration locale -> org.hibernate.type.LocaleType@6758caa5
2020-01-10 15:47:31.195 DEBUG 55088 --- [restartedMain] org.hibernate.type.BasicTypeRegistry     : Adding type registration java.util.Locale -> org.hibernate.type.LocaleType@6758caa5
2020-01-10 15:47:31.195 DEBUG 55088 --- [restartedMain] org.hibernate.type.BasicTypeRegistry     : Adding type registration currency -> org.hibernate.type.CurrencyType@37bcbe63
2020-01-10 15:47:31.195 DEBUG 55088 --- [restartedMain] org.hibernate.type.BasicTypeRegistry     : Adding type registration java.util.Currency -> org.hibernate.type.CurrencyType@37bcbe63
2020-01-10 15:47:31.196 DEBUG 55088 --- [restartedMain] org.hibernate.type.BasicTypeRegistry     : Adding type registration timezone -> org.hibernate.type.TimeZoneType@78608501
2020-01-10 15:47:31.196 DEBUG 55088 --- [restartedMain] org.hibernate.type.BasicTypeRegistry     : Adding type registration java.util.TimeZone -> org.hibernate.type.TimeZoneType@78608501
2020-01-10 15:47:31.196 DEBUG 55088 --- [restartedMain] org.hibernate.type.BasicTypeRegistry     : Adding type registration class -> org.hibernate.type.ClassType@7fea856b
2020-01-10 15:47:31.196 DEBUG 55088 --- [restartedMain] org.hibernate.type.BasicTypeRegistry     : Adding type registration java.lang.Class -> org.hibernate.type.ClassType@7fea856b
2020-01-10 15:47:31.197 DEBUG 55088 --- [restartedMain] org.hibernate.type.BasicTypeRegistry     : Adding type registration uuid-binary -> org.hibernate.type.UUIDBinaryType@4b762c2e
2020-01-10 15:47:31.197 DEBUG 55088 --- [restartedMain] org.hibernate.type.BasicTypeRegistry     : Adding type registration java.util.UUID -> org.hibernate.type.UUIDBinaryType@4b762c2e
2020-01-10 15:47:31.197 DEBUG 55088 --- [restartedMain] org.hibernate.type.BasicTypeRegistry     : Adding type registration uuid-char -> org.hibernate.type.UUIDCharType@5d555884
2020-01-10 15:47:31.198 DEBUG 55088 --- [restartedMain] org.hibernate.type.BasicTypeRegistry     : Adding type registration binary -> org.hibernate.type.BinaryType@46271df2
2020-01-10 15:47:31.198 DEBUG 55088 --- [restartedMain] org.hibernate.type.BasicTypeRegistry     : Adding type registration byte[] -> org.hibernate.type.BinaryType@46271df2
2020-01-10 15:47:31.198 DEBUG 55088 --- [restartedMain] org.hibernate.type.BasicTypeRegistry     : Adding type registration [B -> org.hibernate.type.BinaryType@46271df2
2020-01-10 15:47:31.198 DEBUG 55088 --- [restartedMain] org.hibernate.type.BasicTypeRegistry     : Adding type registration wrapper-binary -> org.hibernate.type.WrapperBinaryType@1b14d84b
2020-01-10 15:47:31.198 DEBUG 55088 --- [restartedMain] org.hibernate.type.BasicTypeRegistry     : Adding type registration Byte[] -> org.hibernate.type.WrapperBinaryType@1b14d84b
2020-01-10 15:47:31.198 DEBUG 55088 --- [restartedMain] org.hibernate.type.BasicTypeRegistry     : Adding type registration [Ljava.lang.Byte; -> org.hibernate.type.WrapperBinaryType@1b14d84b
2020-01-10 15:47:31.199 DEBUG 55088 --- [restartedMain] org.hibernate.type.BasicTypeRegistry     : Adding type registration row_version -> org.hibernate.type.RowVersionType@44cf109c
2020-01-10 15:47:31.199 DEBUG 55088 --- [restartedMain] org.hibernate.type.BasicTypeRegistry     : Adding type registration image -> org.hibernate.type.ImageType@5d6aee4c
2020-01-10 15:47:31.200 DEBUG 55088 --- [restartedMain] org.hibernate.type.BasicTypeRegistry     : Adding type registration characters -> org.hibernate.type.CharArrayType@42e3638b
2020-01-10 15:47:31.200 DEBUG 55088 --- [restartedMain] org.hibernate.type.BasicTypeRegistry     : Adding type registration char[] -> org.hibernate.type.CharArrayType@42e3638b
2020-01-10 15:47:31.200 DEBUG 55088 --- [restartedMain] org.hibernate.type.BasicTypeRegistry     : Adding type registration [C -> org.hibernate.type.CharArrayType@42e3638b
2020-01-10 15:47:31.200 DEBUG 55088 --- [restartedMain] org.hibernate.type.BasicTypeRegistry     : Adding type registration wrapper-characters -> org.hibernate.type.CharacterArrayType@5116a578
2020-01-10 15:47:31.200 DEBUG 55088 --- [restartedMain] org.hibernate.type.BasicTypeRegistry     : Adding type registration [Ljava.lang.Character; -> org.hibernate.type.CharacterArrayType@5116a578
2020-01-10 15:47:31.200 DEBUG 55088 --- [restartedMain] org.hibernate.type.BasicTypeRegistry     : Adding type registration Character[] -> org.hibernate.type.CharacterArrayType@5116a578
2020-01-10 15:47:31.201 DEBUG 55088 --- [restartedMain] org.hibernate.type.BasicTypeRegistry     : Adding type registration text -> org.hibernate.type.TextType@4c6ac7ab
2020-01-10 15:47:31.201 DEBUG 55088 --- [restartedMain] org.hibernate.type.BasicTypeRegistry     : Adding type registration ntext -> org.hibernate.type.NTextType@77dab1fd
2020-01-10 15:47:31.202 DEBUG 55088 --- [restartedMain] org.hibernate.type.BasicTypeRegistry     : Adding type registration blob -> org.hibernate.type.BlobType@516258d2
2020-01-10 15:47:31.202 DEBUG 55088 --- [restartedMain] org.hibernate.type.BasicTypeRegistry     : Adding type registration java.sql.Blob -> org.hibernate.type.BlobType@516258d2
2020-01-10 15:47:31.202 DEBUG 55088 --- [restartedMain] org.hibernate.type.BasicTypeRegistry     : Adding type registration materialized_blob -> org.hibernate.type.MaterializedBlobType@750ee4ef
2020-01-10 15:47:31.203 DEBUG 55088 --- [restartedMain] org.hibernate.type.BasicTypeRegistry     : Adding type registration clob -> org.hibernate.type.ClobType@86e2055
2020-01-10 15:47:31.203 DEBUG 55088 --- [restartedMain] org.hibernate.type.BasicTypeRegistry     : Adding type registration java.sql.Clob -> org.hibernate.type.ClobType@86e2055
2020-01-10 15:47:31.204 DEBUG 55088 --- [restartedMain] org.hibernate.type.BasicTypeRegistry     : Adding type registration nclob -> org.hibernate.type.NClobType@19f32071
2020-01-10 15:47:31.204 DEBUG 55088 --- [restartedMain] org.hibernate.type.BasicTypeRegistry     : Adding type registration java.sql.NClob -> org.hibernate.type.NClobType@19f32071
2020-01-10 15:47:31.204 DEBUG 55088 --- [restartedMain] org.hibernate.type.BasicTypeRegistry     : Adding type registration materialized_clob -> org.hibernate.type.MaterializedClobType@4a2c954b
2020-01-10 15:47:31.204 DEBUG 55088 --- [restartedMain] org.hibernate.type.BasicTypeRegistry     : Adding type registration materialized_nclob -> org.hibernate.type.MaterializedNClobType@11caa521
2020-01-10 15:47:31.205 DEBUG 55088 --- [restartedMain] org.hibernate.type.BasicTypeRegistry     : Adding type registration serializable -> org.hibernate.type.SerializableType@78fe4ce0
2020-01-10 15:47:31.207 DEBUG 55088 --- [restartedMain] org.hibernate.type.BasicTypeRegistry     : Adding type registration object -> org.hibernate.type.ObjectType@5ace11af
2020-01-10 15:47:31.207 DEBUG 55088 --- [restartedMain] org.hibernate.type.BasicTypeRegistry     : Adding type registration java.lang.Object -> org.hibernate.type.ObjectType@5ace11af
2020-01-10 15:47:31.207 DEBUG 55088 --- [restartedMain] org.hibernate.type.BasicTypeRegistry     : Adding type registration imm_date -> org.hibernate.type.AdaptedImmutableType@3db6cf8
2020-01-10 15:47:31.207 DEBUG 55088 --- [restartedMain] org.hibernate.type.BasicTypeRegistry     : Adding type registration imm_time -> org.hibernate.type.AdaptedImmutableType@29b25645
2020-01-10 15:47:31.207 DEBUG 55088 --- [restartedMain] org.hibernate.type.BasicTypeRegistry     : Adding type registration imm_timestamp -> org.hibernate.type.AdaptedImmutableType@6170f2a5
2020-01-10 15:47:31.207 DEBUG 55088 --- [restartedMain] org.hibernate.type.BasicTypeRegistry     : Adding type registration imm_dbtimestamp -> org.hibernate.type.AdaptedImmutableType@1f931e25
2020-01-10 15:47:31.207 DEBUG 55088 --- [restartedMain] org.hibernate.type.BasicTypeRegistry     : Adding type registration imm_calendar -> org.hibernate.type.AdaptedImmutableType@47771d83
2020-01-10 15:47:31.207 DEBUG 55088 --- [restartedMain] org.hibernate.type.BasicTypeRegistry     : Adding type registration imm_calendar_date -> org.hibernate.type.AdaptedImmutableType@7c4c7b56
2020-01-10 15:47:31.207 DEBUG 55088 --- [restartedMain] org.hibernate.type.BasicTypeRegistry     : Adding type registration imm_binary -> org.hibernate.type.AdaptedImmutableType@1acf5ba0
2020-01-10 15:47:31.207 DEBUG 55088 --- [restartedMain] org.hibernate.type.BasicTypeRegistry     : Adding type registration imm_serializable -> org.hibernate.type.AdaptedImmutableType@1daa1cea
2020-01-10 15:47:31.226  INFO 55088 --- [restartedMain] com.zaxxer.hikari.HikariDataSource       : HikariPool-1 - Starting...
2020-01-10 15:47:31.537  INFO 55088 --- [restartedMain] com.zaxxer.hikari.HikariDataSource       : HikariPool-1 - Start completed.
2020-01-10 15:47:31.546  INFO 55088 --- [restartedMain] org.hibernate.dialect.Dialect            : HHH000400: Using dialect: org.hibernate.dialect.MySQL5Dialect
2020-01-10 15:47:31.594 DEBUG 55088 --- [restartedMain] o.h.type.spi.TypeConfiguration$Scope     : Scoping TypeConfiguration [org.hibernate.type.spi.TypeConfiguration@396dbc7a] to MetadataBuildingContext [org.hibernate.boot.internal.MetadataBuildingContextRootImpl@438a343a]
2020-01-10 15:47:31.654 DEBUG 55088 --- [restartedMain] o.h.type.spi.TypeConfiguration$Scope     : Scoping TypeConfiguration [org.hibernate.type.spi.TypeConfiguration@396dbc7a] to SessionFactoryImpl [org.hibernate.internal.SessionFactoryImpl@1c82b0e7]
2020-01-10 15:47:31.714  INFO 55088 --- [restartedMain] o.h.e.t.j.p.i.JtaPlatformInitiator       : HHH000490: Using JtaPlatform implementation: [org.hibernate.engine.transaction.jta.platform.internal.NoJtaPlatform]
2020-01-10 15:47:31.719 TRACE 55088 --- [restartedMain] o.h.type.spi.TypeConfiguration$Scope     : Handling #sessionFactoryCreated from [org.hibernate.internal.SessionFactoryImpl@1c82b0e7] for TypeConfiguration
2020-01-10 15:47:31.719  INFO 55088 --- [restartedMain] j.LocalContainerEntityManagerFactoryBean : Initialized JPA EntityManagerFactory for persistence unit 'default'
2020-01-10 15:47:31.741  INFO 55088 --- [restartedMain] o.s.b.d.a.OptionalLiveReloadServer       : LiveReload server is running on port 35729
2020-01-10 15:47:31.784  WARN 55088 --- [restartedMain] JpaBaseConfiguration$JpaWebConfiguration : spring.jpa.open-in-view is enabled by default. Therefore, database queries may be performed during view rendering. Explicitly configure spring.jpa.open-in-view to disable this warning
2020-01-10 15:47:31.861  INFO 55088 --- [restartedMain] o.s.s.concurrent.ThreadPoolTaskExecutor  : Initializing ExecutorService 'applicationTaskExecutor'
2020-01-10 15:47:35.163  INFO 55088 --- [restartedMain] o.s.b.w.embedded.tomcat.TomcatWebServer  : Tomcat started on port(s): 9090 (http) with context path ''
2020-01-10 15:47:35.165  INFO 55088 --- [restartedMain] com.mail.EmailSendingApplication         : Started EmailSendingApplication in 5.896 seconds (JVM running for 6.931)
2020-01-10 15:48:35.142  INFO 55088 --- [http-nio-9090-exec-1] o.a.c.c.C.[Tomcat].[localhost].[/]       : Initializing Spring DispatcherServlet 'dispatcherServlet'
2020-01-10 15:48:35.142  INFO 55088 --- [http-nio-9090-exec-1] o.s.web.servlet.DispatcherServlet        : Initializing Servlet 'dispatcherServlet'
2020-01-10 15:48:35.146  INFO 55088 --- [http-nio-9090-exec-1] o.s.web.servlet.DispatcherServlet        : Completed initialization in 4 ms
